[ 2016-10-20T14:18:18+08:00 ] 127.0.0.1 /admin.php
INFO: [ app_init ] --START--
INFO: Run Behavior\BuildLiteBehavior [ RunTime:0.001000s ]
INFO: [ app_init ] --END-- [ RunTime:0.012001s ]
INFO: [ app_begin ] --START--
INFO: Run Behavior\ReadHtmlCacheBehavior [ RunTime:0.002000s ]
INFO: [ app_begin ] --END-- [ RunTime:0.002000s ]
INFO: [ view_parse ] --START--
INFO: [ template_filter ] --START--
INFO: Run Behavior\ContentReplaceBehavior [ RunTime:0.000000s ]
INFO: [ template_filter ] --END-- [ RunTime:0.000000s ]
INFO: Run Behavior\ParseTemplateBehavior [ RunTime:0.029002s ]
INFO: [ view_parse ] --END-- [ RunTime:0.029002s ]
INFO: [ view_filter ] --START--
INFO: Run Behavior\WriteHtmlCacheBehavior [ RunTime:0.001000s ]
INFO: [ view_filter ] --END-- [ RunTime:0.001000s ]
INFO: [ app_end ] --START--
INFO: Run Behavior\ShowPageTraceBehavior [ RunTime:0.000000s ]
INFO: [ app_end ] --END-- [ RunTime:0.001000s ]

[ 2016-10-20T14:18:19+08:00 ] 127.0.0.1 /admin.php/Index/verify.html
INFO: [ app_init ] --START--
INFO: Run Behavior\BuildLiteBehavior [ RunTime:0.000000s ]
INFO: [ app_init ] --END-- [ RunTime:0.000000s ]
INFO: [ app_begin ] --START--
INFO: Run Behavior\ReadHtmlCacheBehavior [ RunTime:0.001000s ]
INFO: [ app_begin ] --END-- [ RunTime:0.001000s ]
INFO: [ app_end ] --START--
INFO: Run Behavior\ShowPageTraceBehavior [ RunTime:0.001000s ]
INFO: [ app_end ] --END-- [ RunTime:0.001000s ]

[ 2016-10-20T14:18:30+08:00 ] 127.0.0.1 /admin.php/Index/login.html
INFO: [ app_init ] --START--
INFO: Run Behavior\BuildLiteBehavior [ RunTime:0.000000s ]
INFO: [ app_init ] --END-- [ RunTime:0.000000s ]
INFO: [ app_begin ] --START--
INFO: Run Behavior\ReadHtmlCacheBehavior [ RunTime:0.001000s ]
INFO: [ app_begin ] --END-- [ RunTime:0.001000s ]
SQL: SHOW COLUMNS FROM `xman_admin` [ RunTime:0.0180s ]
SQL: SELECT * FROM `xman_admin` WHERE `admin_name` = 'admin' AND `password` = '7c4a8d09ca3762af61e59520943dc26494f8941b' LIMIT 1   [ RunTime:0.0010s ]

[ 2016-10-20T14:18:31+08:00 ] 127.0.0.1 /admin.php/Foods/index.html
INFO: [ app_init ] --START--
INFO: Run Behavior\BuildLiteBehavior [ RunTime:0.000000s ]
INFO: [ app_init ] --END-- [ RunTime:0.000000s ]
INFO: [ app_begin ] --START--
INFO: Run Behavior\ReadHtmlCacheBehavior [ RunTime:0.001000s ]
INFO: [ app_begin ] --END-- [ RunTime:0.001000s ]
SQL: SHOW COLUMNS FROM `xman_foods` [ RunTime:0.0130s ]
SQL: Call p_get_foods_details(0) [ RunTime:0.0690s ]
INFO: [ view_parse ] --START--
INFO: [ template_filter ] --START--
INFO: Run Behavior\ContentReplaceBehavior [ RunTime:0.000000s ]
INFO: [ template_filter ] --END-- [ RunTime:0.000000s ]
INFO: Run Behavior\ParseTemplateBehavior [ RunTime:0.029002s ]
INFO: [ view_parse ] --END-- [ RunTime:0.029002s ]
INFO: [ view_filter ] --START--
INFO: Run Behavior\WriteHtmlCacheBehavior [ RunTime:0.000000s ]
INFO: [ view_filter ] --END-- [ RunTime:0.000000s ]
INFO: [ app_end ] --START--
INFO: Run Behavior\ShowPageTraceBehavior [ RunTime:0.000000s ]
INFO: [ app_end ] --END-- [ RunTime:0.001000s ]

[ 2016-10-20T14:18:40+08:00 ] 127.0.0.1 /admin.php/Foods/addFoods.html
INFO: [ app_init ] --START--
INFO: Run Behavior\BuildLiteBehavior [ RunTime:0.000000s ]
INFO: [ app_init ] --END-- [ RunTime:0.001000s ]
INFO: [ app_begin ] --START--
INFO: Run Behavior\ReadHtmlCacheBehavior [ RunTime:0.000000s ]
INFO: [ app_begin ] --END-- [ RunTime:0.001000s ]
SQL: SHOW COLUMNS FROM `xman_cuisine` [ RunTime:0.0020s ]
SQL: SELECT * FROM `xman_cuisine`  [ RunTime:0.0000s ]
INFO: [ view_parse ] --START--
INFO: [ template_filter ] --START--
INFO: Run Behavior\ContentReplaceBehavior [ RunTime:0.000000s ]
INFO: [ template_filter ] --END-- [ RunTime:0.001000s ]
INFO: Run Behavior\ParseTemplateBehavior [ RunTime:0.062003s ]
INFO: [ view_parse ] --END-- [ RunTime:0.063004s ]
INFO: [ view_filter ] --START--
INFO: Run Behavior\WriteHtmlCacheBehavior [ RunTime:0.000000s ]
INFO: [ view_filter ] --END-- [ RunTime:0.001000s ]
INFO: [ app_end ] --START--
INFO: Run Behavior\ShowPageTraceBehavior [ RunTime:0.002000s ]
INFO: [ app_end ] --END-- [ RunTime:0.002000s ]

[ 2016-10-20T14:19:24+08:00 ] 127.0.0.1 /admin.php/Foods/addFoods.html
INFO: [ app_init ] --START--
INFO: Run Behavior\BuildLiteBehavior [ RunTime:0.000000s ]
INFO: [ app_init ] --END-- [ RunTime:0.002000s ]
INFO: [ app_begin ] --START--
INFO: Run Behavior\ReadHtmlCacheBehavior [ RunTime:0.001000s ]
INFO: [ app_begin ] --END-- [ RunTime:0.001000s ]
SQL: SHOW COLUMNS FROM `xman_cuisine` [ RunTime:0.0030s ]
SQL: SELECT * FROM `xman_cuisine`  [ RunTime:0.0000s ]
INFO: [ view_parse ] --START--
INFO: [ template_filter ] --START--
INFO: Run Behavior\ContentReplaceBehavior [ RunTime:0.000000s ]
INFO: [ template_filter ] --END-- [ RunTime:0.000000s ]
INFO: Run Behavior\ParseTemplateBehavior [ RunTime:0.024002s ]
INFO: [ view_parse ] --END-- [ RunTime:0.024002s ]
INFO: [ view_filter ] --START--
INFO: Run Behavior\WriteHtmlCacheBehavior [ RunTime:0.000000s ]
INFO: [ view_filter ] --END-- [ RunTime:0.001000s ]
INFO: [ app_end ] --START--
INFO: Run Behavior\ShowPageTraceBehavior [ RunTime:0.001000s ]
INFO: [ app_end ] --END-- [ RunTime:0.001000s ]

[ 2016-10-20T14:19:25+08:00 ] 127.0.0.1 /admin.php/Foods/index.html
INFO: [ app_init ] --START--
INFO: Run Behavior\BuildLiteBehavior [ RunTime:0.000000s ]
INFO: [ app_init ] --END-- [ RunTime:0.001000s ]
INFO: [ app_begin ] --START--
INFO: Run Behavior\ReadHtmlCacheBehavior [ RunTime:0.000000s ]
INFO: [ app_begin ] --END-- [ RunTime:0.000000s ]
SQL: SHOW COLUMNS FROM `xman_foods` [ RunTime:0.0020s ]
SQL: Call p_get_foods_details(0) [ RunTime:0.0010s ]
INFO: [ view_parse ] --START--
INFO: [ template_filter ] --START--
INFO: Run Behavior\ContentReplaceBehavior [ RunTime:0.000000s ]
INFO: [ template_filter ] --END-- [ RunTime:0.001000s ]
INFO: Run Behavior\ParseTemplateBehavior [ RunTime:0.028001s ]
INFO: [ view_parse ] --END-- [ RunTime:0.030001s ]
INFO: [ view_filter ] --START--
INFO: Run Behavior\WriteHtmlCacheBehavior [ RunTime:0.000000s ]
INFO: [ view_filter ] --END-- [ RunTime:0.000000s ]
INFO: [ app_end ] --START--
INFO: Run Behavior\ShowPageTraceBehavior [ RunTime:0.000000s ]
INFO: [ app_end ] --END-- [ RunTime:0.000000s ]

[ 2016-10-20T14:19:27+08:00 ] 127.0.0.1 /admin.php/Foods/editFoods/id/3.html
INFO: [ app_init ] --START--
INFO: Run Behavior\BuildLiteBehavior [ RunTime:0.000000s ]
INFO: [ app_init ] --END-- [ RunTime:0.001000s ]
INFO: [ app_begin ] --START--
INFO: Run Behavior\ReadHtmlCacheBehavior [ RunTime:0.000000s ]
INFO: [ app_begin ] --END-- [ RunTime:0.001000s ]
SQL: SHOW COLUMNS FROM `xman_foods` [ RunTime:0.0030s ]
SQL: Call p_get_foods_details(3) [ RunTime:0.0010s ]
SQL: SHOW COLUMNS FROM `xman_cuisine` [ RunTime:0.0020s ]
SQL: SELECT * FROM `xman_cuisine`  [ RunTime:0.0010s ]
INFO: [ view_parse ] --START--
INFO: [ template_filter ] --START--
INFO: Run Behavior\ContentReplaceBehavior [ RunTime:0.000000s ]
INFO: [ template_filter ] --END-- [ RunTime:0.000000s ]
NOTIC: [8] Use of undefined constant cuisines_id - assumed 'cuisines_id' F:\wamp\www\xmantoo\Application\Runtime\Cache\Admin\75edfeff9b3231b5745f692497e28168.php 第 121 行.
NOTIC: [8] Array to string conversion F:\wamp\www\xmantoo\Application\Runtime\Cache\Admin\75edfeff9b3231b5745f692497e28168.php 第 121 行.
NOTIC: [8] Use of undefined constant cuisines_id - assumed 'cuisines_id' F:\wamp\www\xmantoo\Application\Runtime\Cache\Admin\75edfeff9b3231b5745f692497e28168.php 第 121 行.
NOTIC: [8] Array to string conversion F:\wamp\www\xmantoo\Application\Runtime\Cache\Admin\75edfeff9b3231b5745f692497e28168.php 第 121 行.
NOTIC: [8] Use of undefined constant cuisines_id - assumed 'cuisines_id' F:\wamp\www\xmantoo\Application\Runtime\Cache\Admin\75edfeff9b3231b5745f692497e28168.php 第 121 行.
NOTIC: [8] Array to string conversion F:\wamp\www\xmantoo\Application\Runtime\Cache\Admin\75edfeff9b3231b5745f692497e28168.php 第 121 行.
NOTIC: [8] Use of undefined constant cuisines_id - assumed 'cuisines_id' F:\wamp\www\xmantoo\Application\Runtime\Cache\Admin\75edfeff9b3231b5745f692497e28168.php 第 121 行.
NOTIC: [8] Array to string conversion F:\wamp\www\xmantoo\Application\Runtime\Cache\Admin\75edfeff9b3231b5745f692497e28168.php 第 121 行.
NOTIC: [8] Use of undefined constant cuisines_id - assumed 'cuisines_id' F:\wamp\www\xmantoo\Application\Runtime\Cache\Admin\75edfeff9b3231b5745f692497e28168.php 第 121 行.
NOTIC: [8] Array to string conversion F:\wamp\www\xmantoo\Application\Runtime\Cache\Admin\75edfeff9b3231b5745f692497e28168.php 第 121 行.
NOTIC: [8] Use of undefined constant cuisines_id - assumed 'cuisines_id' F:\wamp\www\xmantoo\Application\Runtime\Cache\Admin\75edfeff9b3231b5745f692497e28168.php 第 121 行.
NOTIC: [8] Array to string conversion F:\wamp\www\xmantoo\Application\Runtime\Cache\Admin\75edfeff9b3231b5745f692497e28168.php 第 121 行.
NOTIC: [8] Use of undefined constant cuisines_id - assumed 'cuisines_id' F:\wamp\www\xmantoo\Application\Runtime\Cache\Admin\75edfeff9b3231b5745f692497e28168.php 第 121 行.
NOTIC: [8] Array to string conversion F:\wamp\www\xmantoo\Application\Runtime\Cache\Admin\75edfeff9b3231b5745f692497e28168.php 第 121 行.
NOTIC: [8] Use of undefined constant cuisines_id - assumed 'cuisines_id' F:\wamp\www\xmantoo\Application\Runtime\Cache\Admin\75edfeff9b3231b5745f692497e28168.php 第 121 行.
NOTIC: [8] Array to string conversion F:\wamp\www\xmantoo\Application\Runtime\Cache\Admin\75edfeff9b3231b5745f692497e28168.php 第 121 行.
NOTIC: [8] Use of undefined constant cuisines_id - assumed 'cuisines_id' F:\wamp\www\xmantoo\Application\Runtime\Cache\Admin\75edfeff9b3231b5745f692497e28168.php 第 121 行.
NOTIC: [8] Array to string conversion F:\wamp\www\xmantoo\Application\Runtime\Cache\Admin\75edfeff9b3231b5745f692497e28168.php 第 121 行.
NOTIC: [8] Use of undefined constant cuisines_id - assumed 'cuisines_id' F:\wamp\www\xmantoo\Application\Runtime\Cache\Admin\75edfeff9b3231b5745f692497e28168.php 第 121 行.
NOTIC: [8] Array to string conversion F:\wamp\www\xmantoo\Application\Runtime\Cache\Admin\75edfeff9b3231b5745f692497e28168.php 第 121 行.
NOTIC: [8] Use of undefined constant cuisines_id - assumed 'cuisines_id' F:\wamp\www\xmantoo\Application\Runtime\Cache\Admin\75edfeff9b3231b5745f692497e28168.php 第 121 行.
NOTIC: [8] Array to string conversion F:\wamp\www\xmantoo\Application\Runtime\Cache\Admin\75edfeff9b3231b5745f692497e28168.php 第 121 行.
NOTIC: [8] Use of undefined constant cuisines_id - assumed 'cuisines_id' F:\wamp\www\xmantoo\Application\Runtime\Cache\Admin\75edfeff9b3231b5745f692497e28168.php 第 121 行.
NOTIC: [8] Array to string conversion F:\wamp\www\xmantoo\Application\Runtime\Cache\Admin\75edfeff9b3231b5745f692497e28168.php 第 121 行.
NOTIC: [8] Use of undefined constant cuisines_id - assumed 'cuisines_id' F:\wamp\www\xmantoo\Application\Runtime\Cache\Admin\75edfeff9b3231b5745f692497e28168.php 第 121 行.
NOTIC: [8] Array to string conversion F:\wamp\www\xmantoo\Application\Runtime\Cache\Admin\75edfeff9b3231b5745f692497e28168.php 第 121 行.
NOTIC: [8] Use of undefined constant cuisines_id - assumed 'cuisines_id' F:\wamp\www\xmantoo\Application\Runtime\Cache\Admin\75edfeff9b3231b5745f692497e28168.php 第 121 行.
NOTIC: [8] Array to string conversion F:\wamp\www\xmantoo\Application\Runtime\Cache\Admin\75edfeff9b3231b5745f692497e28168.php 第 121 行.
NOTIC: [8] Use of undefined constant cuisines_id - assumed 'cuisines_id' F:\wamp\www\xmantoo\Application\Runtime\Cache\Admin\75edfeff9b3231b5745f692497e28168.php 第 121 行.
NOTIC: [8] Array to string conversion F:\wamp\www\xmantoo\Application\Runtime\Cache\Admin\75edfeff9b3231b5745f692497e28168.php 第 121 行.
NOTIC: [8] Use of undefined constant cuisines_id - assumed 'cuisines_id' F:\wamp\www\xmantoo\Application\Runtime\Cache\Admin\75edfeff9b3231b5745f692497e28168.php 第 121 行.
NOTIC: [8] Array to string conversion F:\wamp\www\xmantoo\Application\Runtime\Cache\Admin\75edfeff9b3231b5745f692497e28168.php 第 121 行.
NOTIC: [8] Use of undefined constant cuisines_id - assumed 'cuisines_id' F:\wamp\www\xmantoo\Application\Runtime\Cache\Admin\75edfeff9b3231b5745f692497e28168.php 第 121 行.
NOTIC: [8] Array to string conversion F:\wamp\www\xmantoo\Application\Runtime\Cache\Admin\75edfeff9b3231b5745f692497e28168.php 第 121 行.
INFO: Run Behavior\ParseTemplateBehavior [ RunTime:0.030001s ]
INFO: [ view_parse ] --END-- [ RunTime:0.032001s ]
INFO: [ view_filter ] --START--
INFO: Run Behavior\WriteHtmlCacheBehavior [ RunTime:0.001000s ]
INFO: [ view_filter ] --END-- [ RunTime:0.001000s ]
INFO: [ app_end ] --START--
INFO: Run Behavior\ShowPageTraceBehavior [ RunTime:0.001001s ]
INFO: [ app_end ] --END-- [ RunTime:0.001001s ]

[ 2016-10-20T14:31:30+08:00 ] 127.0.0.1 /admin.php/Foods/addFoods.html
INFO: [ app_init ] --START--
INFO: Run Behavior\BuildLiteBehavior [ RunTime:0.000000s ]
INFO: [ app_init ] --END-- [ RunTime:0.000000s ]
INFO: [ app_begin ] --START--
INFO: Run Behavior\ReadHtmlCacheBehavior [ RunTime:0.001000s ]
INFO: [ app_begin ] --END-- [ RunTime:0.001000s ]
SQL: SHOW COLUMNS FROM `xman_cuisine` [ RunTime:0.0030s ]
SQL: SELECT * FROM `xman_cuisine`  [ RunTime:0.0000s ]
INFO: [ view_parse ] --START--
INFO: [ template_filter ] --START--
INFO: Run Behavior\ContentReplaceBehavior [ RunTime:0.000000s ]
INFO: [ template_filter ] --END-- [ RunTime:0.000000s ]
INFO: Run Behavior\ParseTemplateBehavior [ RunTime:0.026001s ]
INFO: [ view_parse ] --END-- [ RunTime:0.026001s ]
INFO: [ view_filter ] --START--
INFO: Run Behavior\WriteHtmlCacheBehavior [ RunTime:0.001000s ]
INFO: [ view_filter ] --END-- [ RunTime:0.001000s ]
INFO: [ app_end ] --START--
INFO: Run Behavior\ShowPageTraceBehavior [ RunTime:0.001000s ]
INFO: [ app_end ] --END-- [ RunTime:0.001000s ]

[ 2016-10-20T14:31:31+08:00 ] 127.0.0.1 /admin.php/Foods/addCuisine.html
INFO: [ app_init ] --START--
INFO: Run Behavior\BuildLiteBehavior [ RunTime:0.000000s ]
INFO: [ app_init ] --END-- [ RunTime:0.001000s ]
INFO: [ app_begin ] --START--
INFO: Run Behavior\ReadHtmlCacheBehavior [ RunTime:0.000000s ]
INFO: [ app_begin ] --END-- [ RunTime:0.000000s ]
INFO: [ view_parse ] --START--
INFO: [ template_filter ] --START--
INFO: Run Behavior\ContentReplaceBehavior [ RunTime:0.000000s ]
INFO: [ template_filter ] --END-- [ RunTime:0.000000s ]
INFO: Run Behavior\ParseTemplateBehavior [ RunTime:0.046002s ]
INFO: [ view_parse ] --END-- [ RunTime:0.047002s ]
INFO: [ view_filter ] --START--
INFO: Run Behavior\WriteHtmlCacheBehavior [ RunTime:0.001000s ]
INFO: [ view_filter ] --END-- [ RunTime:0.001000s ]
INFO: [ app_end ] --START--
INFO: Run Behavior\ShowPageTraceBehavior [ RunTime:0.001000s ]
INFO: [ app_end ] --END-- [ RunTime:0.001000s ]

[ 2016-10-20T14:31:32+08:00 ] 127.0.0.1 /admin.php/Foods/index.html
INFO: [ app_init ] --START--
INFO: Run Behavior\BuildLiteBehavior [ RunTime:0.000000s ]
INFO: [ app_init ] --END-- [ RunTime:0.001000s ]
INFO: [ app_begin ] --START--
INFO: Run Behavior\ReadHtmlCacheBehavior [ RunTime:0.001000s ]
INFO: [ app_begin ] --END-- [ RunTime:0.001000s ]
SQL: SHOW COLUMNS FROM `xman_foods` [ RunTime:0.0020s ]
SQL: Call p_get_foods_details(0) [ RunTime:0.0000s ]
INFO: [ view_parse ] --START--
INFO: [ template_filter ] --START--
INFO: Run Behavior\ContentReplaceBehavior [ RunTime:0.000000s ]
INFO: [ template_filter ] --END-- [ RunTime:0.000000s ]
INFO: Run Behavior\ParseTemplateBehavior [ RunTime:0.030002s ]
INFO: [ view_parse ] --END-- [ RunTime:0.031002s ]
INFO: [ view_filter ] --START--
INFO: Run Behavior\WriteHtmlCacheBehavior [ RunTime:0.001000s ]
INFO: [ view_filter ] --END-- [ RunTime:0.001000s ]
INFO: [ app_end ] --START--
INFO: Run Behavior\ShowPageTraceBehavior [ RunTime:0.001000s ]
INFO: [ app_end ] --END-- [ RunTime:0.001000s ]

[ 2016-10-20T14:31:36+08:00 ] 127.0.0.1 /admin.php/Foods/editFoods/id/3.html
INFO: [ app_init ] --START--
INFO: Run Behavior\BuildLiteBehavior [ RunTime:0.000000s ]
INFO: [ app_init ] --END-- [ RunTime:0.001000s ]
INFO: [ app_begin ] --START--
INFO: Run Behavior\ReadHtmlCacheBehavior [ RunTime:0.001000s ]
INFO: [ app_begin ] --END-- [ RunTime:0.001000s ]
SQL: SHOW COLUMNS FROM `xman_foods` [ RunTime:0.0030s ]
SQL: Call p_get_foods_details(3) [ RunTime:0.0010s ]
SQL: SHOW COLUMNS FROM `xman_cuisine` [ RunTime:0.0020s ]
SQL: SELECT * FROM `xman_cuisine`  [ RunTime:0.0000s ]
INFO: [ view_parse ] --START--
INFO: [ template_filter ] --START--
INFO: Run Behavior\ContentReplaceBehavior [ RunTime:0.001000s ]
INFO: [ template_filter ] --END-- [ RunTime:0.001000s ]
NOTIC: [8] Use of undefined constant cuisines_id - assumed 'cuisines_id' F:\wamp\www\xmantoo\Application\Runtime\Cache\Admin\75edfeff9b3231b5745f692497e28168.php 第 121 行.
NOTIC: [8] Array to string conversion F:\wamp\www\xmantoo\Application\Runtime\Cache\Admin\75edfeff9b3231b5745f692497e28168.php 第 121 行.
NOTIC: [8] Use of undefined constant cuisines_id - assumed 'cuisines_id' F:\wamp\www\xmantoo\Application\Runtime\Cache\Admin\75edfeff9b3231b5745f692497e28168.php 第 121 行.
NOTIC: [8] Array to string conversion F:\wamp\www\xmantoo\Application\Runtime\Cache\Admin\75edfeff9b3231b5745f692497e28168.php 第 121 行.
NOTIC: [8] Use of undefined constant cuisines_id - assumed 'cuisines_id' F:\wamp\www\xmantoo\Application\Runtime\Cache\Admin\75edfeff9b3231b5745f692497e28168.php 第 121 行.
NOTIC: [8] Array to string conversion F:\wamp\www\xmantoo\Application\Runtime\Cache\Admin\75edfeff9b3231b5745f692497e28168.php 第 121 行.
NOTIC: [8] Use of undefined constant cuisines_id - assumed 'cuisines_id' F:\wamp\www\xmantoo\Application\Runtime\Cache\Admin\75edfeff9b3231b5745f692497e28168.php 第 121 行.
NOTIC: [8] Array to string conversion F:\wamp\www\xmantoo\Application\Runtime\Cache\Admin\75edfeff9b3231b5745f692497e28168.php 第 121 行.
NOTIC: [8] Use of undefined constant cuisines_id - assumed 'cuisines_id' F:\wamp\www\xmantoo\Application\Runtime\Cache\Admin\75edfeff9b3231b5745f692497e28168.php 第 121 行.
NOTIC: [8] Array to string conversion F:\wamp\www\xmantoo\Application\Runtime\Cache\Admin\75edfeff9b3231b5745f692497e28168.php 第 121 行.
NOTIC: [8] Use of undefined constant cuisines_id - assumed 'cuisines_id' F:\wamp\www\xmantoo\Application\Runtime\Cache\Admin\75edfeff9b3231b5745f692497e28168.php 第 121 行.
NOTIC: [8] Array to string conversion F:\wamp\www\xmantoo\Application\Runtime\Cache\Admin\75edfeff9b3231b5745f692497e28168.php 第 121 行.
NOTIC: [8] Use of undefined constant cuisines_id - assumed 'cuisines_id' F:\wamp\www\xmantoo\Application\Runtime\Cache\Admin\75edfeff9b3231b5745f692497e28168.php 第 121 行.
NOTIC: [8] Array to string conversion F:\wamp\www\xmantoo\Application\Runtime\Cache\Admin\75edfeff9b3231b5745f692497e28168.php 第 121 行.
NOTIC: [8] Use of undefined constant cuisines_id - assumed 'cuisines_id' F:\wamp\www\xmantoo\Application\Runtime\Cache\Admin\75edfeff9b3231b5745f692497e28168.php 第 121 行.
NOTIC: [8] Array to string conversion F:\wamp\www\xmantoo\Application\Runtime\Cache\Admin\75edfeff9b3231b5745f692497e28168.php 第 121 行.
NOTIC: [8] Use of undefined constant cuisines_id - assumed 'cuisines_id' F:\wamp\www\xmantoo\Application\Runtime\Cache\Admin\75edfeff9b3231b5745f692497e28168.php 第 121 行.
NOTIC: [8] Array to string conversion F:\wamp\www\xmantoo\Application\Runtime\Cache\Admin\75edfeff9b3231b5745f692497e28168.php 第 121 行.
NOTIC: [8] Use of undefined constant cuisines_id - assumed 'cuisines_id' F:\wamp\www\xmantoo\Application\Runtime\Cache\Admin\75edfeff9b3231b5745f692497e28168.php 第 121 行.
NOTIC: [8] Array to string conversion F:\wamp\www\xmantoo\Application\Runtime\Cache\Admin\75edfeff9b3231b5745f692497e28168.php 第 121 行.
NOTIC: [8] Use of undefined constant cuisines_id - assumed 'cuisines_id' F:\wamp\www\xmantoo\Application\Runtime\Cache\Admin\75edfeff9b3231b5745f692497e28168.php 第 121 行.
NOTIC: [8] Array to string conversion F:\wamp\www\xmantoo\Application\Runtime\Cache\Admin\75edfeff9b3231b5745f692497e28168.php 第 121 行.
NOTIC: [8] Use of undefined constant cuisines_id - assumed 'cuisines_id' F:\wamp\www\xmantoo\Application\Runtime\Cache\Admin\75edfeff9b3231b5745f692497e28168.php 第 121 行.
NOTIC: [8] Array to string conversion F:\wamp\www\xmantoo\Application\Runtime\Cache\Admin\75edfeff9b3231b5745f692497e28168.php 第 121 行.
NOTIC: [8] Use of undefined constant cuisines_id - assumed 'cuisines_id' F:\wamp\www\xmantoo\Application\Runtime\Cache\Admin\75edfeff9b3231b5745f692497e28168.php 第 121 行.
NOTIC: [8] Array to string conversion F:\wamp\www\xmantoo\Application\Runtime\Cache\Admin\75edfeff9b3231b5745f692497e28168.php 第 121 行.
NOTIC: [8] Use of undefined constant cuisines_id - assumed 'cuisines_id' F:\wamp\www\xmantoo\Application\Runtime\Cache\Admin\75edfeff9b3231b5745f692497e28168.php 第 121 行.
NOTIC: [8] Array to string conversion F:\wamp\www\xmantoo\Application\Runtime\Cache\Admin\75edfeff9b3231b5745f692497e28168.php 第 121 行.
NOTIC: [8] Use of undefined constant cuisines_id - assumed 'cuisines_id' F:\wamp\www\xmantoo\Application\Runtime\Cache\Admin\75edfeff9b3231b5745f692497e28168.php 第 121 行.
NOTIC: [8] Array to string conversion F:\wamp\www\xmantoo\Application\Runtime\Cache\Admin\75edfeff9b3231b5745f692497e28168.php 第 121 行.
NOTIC: [8] Use of undefined constant cuisines_id - assumed 'cuisines_id' F:\wamp\www\xmantoo\Application\Runtime\Cache\Admin\75edfeff9b3231b5745f692497e28168.php 第 121 行.
NOTIC: [8] Array to string conversion F:\wamp\www\xmantoo\Application\Runtime\Cache\Admin\75edfeff9b3231b5745f692497e28168.php 第 121 行.
NOTIC: [8] Use of undefined constant cuisines_id - assumed 'cuisines_id' F:\wamp\www\xmantoo\Application\Runtime\Cache\Admin\75edfeff9b3231b5745f692497e28168.php 第 121 行.
NOTIC: [8] Array to string conversion F:\wamp\www\xmantoo\Application\Runtime\Cache\Admin\75edfeff9b3231b5745f692497e28168.php 第 121 行.
INFO: Run Behavior\ParseTemplateBehavior [ RunTime:0.031001s ]
INFO: [ view_parse ] --END-- [ RunTime:0.031001s ]
INFO: [ view_filter ] --START--
INFO: Run Behavior\WriteHtmlCacheBehavior [ RunTime:0.000000s ]
INFO: [ view_filter ] --END-- [ RunTime:0.001001s ]
INFO: [ app_end ] --START--
INFO: Run Behavior\ShowPageTraceBehavior [ RunTime:0.001000s ]
INFO: [ app_end ] --END-- [ RunTime:0.002000s ]

[ 2016-10-20T14:33:35+08:00 ] 127.0.0.1 /admin.php/Foods/editFoods/id/3.html
INFO: [ app_init ] --START--
INFO: Run Behavior\BuildLiteBehavior [ RunTime:0.000000s ]
INFO: [ app_init ] --END-- [ RunTime:0.001000s ]
INFO: [ app_begin ] --START--
INFO: Run Behavior\ReadHtmlCacheBehavior [ RunTime:0.001000s ]
INFO: [ app_begin ] --END-- [ RunTime:0.001000s ]
NOTIC: [2] finfo_file(): Empty filename or path F:\wamp\www\xmantoo\ThinkPHP\Library\Think\Upload.class.php 第 152 行.
INFO: [ view_parse ] --START--
INFO: [ template_filter ] --START--
INFO: Run Behavior\ContentReplaceBehavior [ RunTime:0.000000s ]
INFO: [ template_filter ] --END-- [ RunTime:0.000000s ]
INFO: Run Behavior\ParseTemplateBehavior [ RunTime:0.022001s ]
INFO: [ view_parse ] --END-- [ RunTime:0.023001s ]
INFO: [ view_filter ] --START--
INFO: Run Behavior\WriteHtmlCacheBehavior [ RunTime:0.001000s ]
INFO: [ view_filter ] --END-- [ RunTime:0.001000s ]

[ 2016-10-20T14:33:38+08:00 ] 127.0.0.1 /admin.php/Foods/editFoods/id/3.html
INFO: [ app_init ] --START--
INFO: Run Behavior\BuildLiteBehavior [ RunTime:0.000000s ]
INFO: [ app_init ] --END-- [ RunTime:0.001000s ]
INFO: [ app_begin ] --START--
INFO: Run Behavior\ReadHtmlCacheBehavior [ RunTime:0.000000s ]
INFO: [ app_begin ] --END-- [ RunTime:0.000000s ]
SQL: SHOW COLUMNS FROM `xman_foods` [ RunTime:0.0030s ]
SQL: Call p_get_foods_details(3) [ RunTime:0.0010s ]
SQL: SHOW COLUMNS FROM `xman_cuisine` [ RunTime:0.0020s ]
SQL: SELECT * FROM `xman_cuisine`  [ RunTime:0.0000s ]
INFO: [ view_parse ] --START--
INFO: [ template_filter ] --START--
INFO: Run Behavior\ContentReplaceBehavior [ RunTime:0.000000s ]
INFO: [ template_filter ] --END-- [ RunTime:0.001000s ]
NOTIC: [8] Use of undefined constant cuisines_id - assumed 'cuisines_id' F:\wamp\www\xmantoo\Application\Runtime\Cache\Admin\75edfeff9b3231b5745f692497e28168.php 第 121 行.
NOTIC: [8] Array to string conversion F:\wamp\www\xmantoo\Application\Runtime\Cache\Admin\75edfeff9b3231b5745f692497e28168.php 第 121 行.
NOTIC: [8] Use of undefined constant cuisines_id - assumed 'cuisines_id' F:\wamp\www\xmantoo\Application\Runtime\Cache\Admin\75edfeff9b3231b5745f692497e28168.php 第 121 行.
NOTIC: [8] Array to string conversion F:\wamp\www\xmantoo\Application\Runtime\Cache\Admin\75edfeff9b3231b5745f692497e28168.php 第 121 行.
NOTIC: [8] Use of undefined constant cuisines_id - assumed 'cuisines_id' F:\wamp\www\xmantoo\Application\Runtime\Cache\Admin\75edfeff9b3231b5745f692497e28168.php 第 121 行.
NOTIC: [8] Array to string conversion F:\wamp\www\xmantoo\Application\Runtime\Cache\Admin\75edfeff9b3231b5745f692497e28168.php 第 121 行.
NOTIC: [8] Use of undefined constant cuisines_id - assumed 'cuisines_id' F:\wamp\www\xmantoo\Application\Runtime\Cache\Admin\75edfeff9b3231b5745f692497e28168.php 第 121 行.
NOTIC: [8] Array to string conversion F:\wamp\www\xmantoo\Application\Runtime\Cache\Admin\75edfeff9b3231b5745f692497e28168.php 第 121 行.
NOTIC: [8] Use of undefined constant cuisines_id - assumed 'cuisines_id' F:\wamp\www\xmantoo\Application\Runtime\Cache\Admin\75edfeff9b3231b5745f692497e28168.php 第 121 行.
NOTIC: [8] Array to string conversion F:\wamp\www\xmantoo\Application\Runtime\Cache\Admin\75edfeff9b3231b5745f692497e28168.php 第 121 行.
NOTIC: [8] Use of undefined constant cuisines_id - assumed 'cuisines_id' F:\wamp\www\xmantoo\Application\Runtime\Cache\Admin\75edfeff9b3231b5745f692497e28168.php 第 121 行.
NOTIC: [8] Array to string conversion F:\wamp\www\xmantoo\Application\Runtime\Cache\Admin\75edfeff9b3231b5745f692497e28168.php 第 121 行.
NOTIC: [8] Use of undefined constant cuisines_id - assumed 'cuisines_id' F:\wamp\www\xmantoo\Application\Runtime\Cache\Admin\75edfeff9b3231b5745f692497e28168.php 第 121 行.
NOTIC: [8] Array to string conversion F:\wamp\www\xmantoo\Application\Runtime\Cache\Admin\75edfeff9b3231b5745f692497e28168.php 第 121 行.
NOTIC: [8] Use of undefined constant cuisines_id - assumed 'cuisines_id' F:\wamp\www\xmantoo\Application\Runtime\Cache\Admin\75edfeff9b3231b5745f692497e28168.php 第 121 行.
NOTIC: [8] Array to string conversion F:\wamp\www\xmantoo\Application\Runtime\Cache\Admin\75edfeff9b3231b5745f692497e28168.php 第 121 行.
NOTIC: [8] Use of undefined constant cuisines_id - assumed 'cuisines_id' F:\wamp\www\xmantoo\Application\Runtime\Cache\Admin\75edfeff9b3231b5745f692497e28168.php 第 121 行.
NOTIC: [8] Array to string conversion F:\wamp\www\xmantoo\Application\Runtime\Cache\Admin\75edfeff9b3231b5745f692497e28168.php 第 121 行.
NOTIC: [8] Use of undefined constant cuisines_id - assumed 'cuisines_id' F:\wamp\www\xmantoo\Application\Runtime\Cache\Admin\75edfeff9b3231b5745f692497e28168.php 第 121 行.
NOTIC: [8] Array to string conversion F:\wamp\www\xmantoo\Application\Runtime\Cache\Admin\75edfeff9b3231b5745f692497e28168.php 第 121 行.
NOTIC: [8] Use of undefined constant cuisines_id - assumed 'cuisines_id' F:\wamp\www\xmantoo\Application\Runtime\Cache\Admin\75edfeff9b3231b5745f692497e28168.php 第 121 行.
NOTIC: [8] Array to string conversion F:\wamp\www\xmantoo\Application\Runtime\Cache\Admin\75edfeff9b3231b5745f692497e28168.php 第 121 行.
NOTIC: [8] Use of undefined constant cuisines_id - assumed 'cuisines_id' F:\wamp\www\xmantoo\Application\Runtime\Cache\Admin\75edfeff9b3231b5745f692497e28168.php 第 121 行.
NOTIC: [8] Array to string conversion F:\wamp\www\xmantoo\Application\Runtime\Cache\Admin\75edfeff9b3231b5745f692497e28168.php 第 121 行.
NOTIC: [8] Use of undefined constant cuisines_id - assumed 'cuisines_id' F:\wamp\www\xmantoo\Application\Runtime\Cache\Admin\75edfeff9b3231b5745f692497e28168.php 第 121 行.
NOTIC: [8] Array to string conversion F:\wamp\www\xmantoo\Application\Runtime\Cache\Admin\75edfeff9b3231b5745f692497e28168.php 第 121 行.
NOTIC: [8] Use of undefined constant cuisines_id - assumed 'cuisines_id' F:\wamp\www\xmantoo\Application\Runtime\Cache\Admin\75edfeff9b3231b5745f692497e28168.php 第 121 行.
NOTIC: [8] Array to string conversion F:\wamp\www\xmantoo\Application\Runtime\Cache\Admin\75edfeff9b3231b5745f692497e28168.php 第 121 行.
NOTIC: [8] Use of undefined constant cuisines_id - assumed 'cuisines_id' F:\wamp\www\xmantoo\Application\Runtime\Cache\Admin\75edfeff9b3231b5745f692497e28168.php 第 121 行.
NOTIC: [8] Array to string conversion F:\wamp\www\xmantoo\Application\Runtime\Cache\Admin\75edfeff9b3231b5745f692497e28168.php 第 121 行.
NOTIC: [8] Use of undefined constant cuisines_id - assumed 'cuisines_id' F:\wamp\www\xmantoo\Application\Runtime\Cache\Admin\75edfeff9b3231b5745f692497e28168.php 第 121 行.
NOTIC: [8] Array to string conversion F:\wamp\www\xmantoo\Application\Runtime\Cache\Admin\75edfeff9b3231b5745f692497e28168.php 第 121 行.
NOTIC: [8] Use of undefined constant cuisines_id - assumed 'cuisines_id' F:\wamp\www\xmantoo\Application\Runtime\Cache\Admin\75edfeff9b3231b5745f692497e28168.php 第 121 行.
NOTIC: [8] Array to string conversion F:\wamp\www\xmantoo\Application\Runtime\Cache\Admin\75edfeff9b3231b5745f692497e28168.php 第 121 行.
INFO: Run Behavior\ParseTemplateBehavior [ RunTime:0.027001s ]
INFO: [ view_parse ] --END-- [ RunTime:0.027001s ]
INFO: [ view_filter ] --START--
INFO: Run Behavior\WriteHtmlCacheBehavior [ RunTime:0.000000s ]
INFO: [ view_filter ] --END-- [ RunTime:0.001001s ]
INFO: [ app_end ] --START--
INFO: Run Behavior\ShowPageTraceBehavior [ RunTime:0.000000s ]
INFO: [ app_end ] --END-- [ RunTime:0.000000s ]

[ 2016-10-20T14:51:54+08:00 ] 127.0.0.1 /admin.php/User/index.html
INFO: [ app_init ] --START--
INFO: Run Behavior\BuildLiteBehavior [ RunTime:0.000000s ]
INFO: [ app_init ] --END-- [ RunTime:0.000000s ]
INFO: [ app_begin ] --START--
INFO: Run Behavior\ReadHtmlCacheBehavior [ RunTime:0.001000s ]
INFO: [ app_begin ] --END-- [ RunTime:0.001000s ]
INFO: [ view_parse ] --START--
INFO: [ template_filter ] --START--
INFO: Run Behavior\ContentReplaceBehavior [ RunTime:0.000000s ]
INFO: [ template_filter ] --END-- [ RunTime:0.000000s ]
INFO: Run Behavior\ParseTemplateBehavior [ RunTime:0.021001s ]
INFO: [ view_parse ] --END-- [ RunTime:0.021001s ]
INFO: [ view_filter ] --START--
INFO: Run Behavior\WriteHtmlCacheBehavior [ RunTime:0.001000s ]
INFO: [ view_filter ] --END-- [ RunTime:0.001000s ]
INFO: [ app_end ] --START--
INFO: Run Behavior\ShowPageTraceBehavior [ RunTime:0.001000s ]
INFO: [ app_end ] --END-- [ RunTime:0.001000s ]

[ 2016-10-20T15:04:50+08:00 ] 127.0.0.1 /admin.php/Foods/index.html
INFO: [ app_init ] --START--
INFO: Run Behavior\BuildLiteBehavior [ RunTime:0.000000s ]
INFO: [ app_init ] --END-- [ RunTime:0.001000s ]
INFO: [ app_begin ] --START--
INFO: Run Behavior\ReadHtmlCacheBehavior [ RunTime:0.001000s ]
INFO: [ app_begin ] --END-- [ RunTime:0.001000s ]
SQL: SHOW COLUMNS FROM `xman_foods` [ RunTime:0.0050s ]
SQL: Call p_get_foods_details(0) [ RunTime:0.0010s ]
INFO: [ view_parse ] --START--
INFO: [ template_filter ] --START--
INFO: Run Behavior\ContentReplaceBehavior [ RunTime:0.001000s ]
INFO: [ template_filter ] --END-- [ RunTime:0.001000s ]
INFO: Run Behavior\ParseTemplateBehavior [ RunTime:0.027001s ]
INFO: [ view_parse ] --END-- [ RunTime:0.027001s ]
INFO: [ view_filter ] --START--
INFO: Run Behavior\WriteHtmlCacheBehavior [ RunTime:0.001001s ]
INFO: [ view_filter ] --END-- [ RunTime:0.001001s ]
INFO: [ app_end ] --START--
INFO: Run Behavior\ShowPageTraceBehavior [ RunTime:0.001000s ]
INFO: [ app_end ] --END-- [ RunTime:0.002000s ]

